<?xml version="1.0" encoding="UTF-8"?>
<testng-results skipped="0" failed="0" total="1" passed="1">
  <reporter-output>
  </reporter-output>
  <suite name="Suite" duration-ms="80252" started-at="2017-07-23T05:39:17Z" finished-at="2017-07-23T05:40:37Z">
    <groups>
    </groups>
    <test name="Test" duration-ms="80252" started-at="2017-07-23T05:39:17Z" finished-at="2017-07-23T05:40:37Z">
      <class name="com.test.Sampletest">
        <test-method status="PASS" signature="startReport()[pri:0, instance:com.test.Sampletest@7ca48474]" name="startReport" is-config="true" duration-ms="1607" started-at="2017-07-23T11:09:17Z" finished-at="2017-07-23T11:09:18Z">
          <reporter-output>
          </reporter-output>
        </test-method> <!-- startReport -->
        <test-method status="PASS" signature="beginTest()[pri:0, instance:com.test.Sampletest@7ca48474]" name="beginTest" duration-ms="75647" started-at="2017-07-23T11:09:19Z" finished-at="2017-07-23T11:10:34Z">
          <reporter-output>
          </reporter-output>
        </test-method> <!-- beginTest -->
        <test-method status="PASS" signature="endReport()[pri:0, instance:com.test.Sampletest@7ca48474]" name="endReport" is-config="true" duration-ms="2947" started-at="2017-07-23T11:10:34Z" finished-at="2017-07-23T11:10:37Z">
          <reporter-output>
          </reporter-output>
        </test-method> <!-- endReport -->
      </class> <!-- com.test.Sampletest -->
    </test> <!-- Test -->
  </suite> <!-- Suite -->
</testng-results>
